no change     /root/miniconda3/condabin/conda
no change     /root/miniconda3/bin/conda
no change     /root/miniconda3/bin/conda-env
no change     /root/miniconda3/bin/activate
no change     /root/miniconda3/bin/deactivate
no change     /root/miniconda3/etc/profile.d/conda.sh
no change     /root/miniconda3/etc/fish/conf.d/conda.fish
no change     /root/miniconda3/shell/condabin/Conda.psm1
no change     /root/miniconda3/shell/condabin/conda-hook.ps1
no change     /root/miniconda3/lib/python3.10/site-packages/xontrib/conda.xsh
no change     /root/miniconda3/etc/profile.d/conda.csh
no change     /root/.bashrc
No action taken.

CommandNotFoundError: Your shell has not been properly configured to use 'conda activate'.
To initialize your shell, run

    $ conda init <SHELL_NAME>

Currently supported shells are:
  - bash
  - fish
  - tcsh
  - xonsh
  - zsh
  - powershell

See 'conda init --help' for more information and options.

IMPORTANT: You may need to close and restart your shell after running 'conda init'.


Using device: cuda
Epoch 1: Avg Loss=133.6998
Epoch 2: Avg Loss=34.1744
Epoch 3: Avg Loss=15.4608
Epoch 4: Avg Loss=14.5198
Epoch 5: Avg Loss=13.5803
Epoch 6: Avg Loss=13.2533
Epoch 7: Avg Loss=13.0026
Epoch 8: Avg Loss=12.8007
Epoch 9: Avg Loss=12.5701
Epoch 10: Avg Loss=12.3922
Epoch 11: Avg Loss=12.2103
Epoch 12: Avg Loss=12.0732
Epoch 13: Avg Loss=11.9268
Epoch 14: Avg Loss=11.8186
Epoch 15: Avg Loss=11.6412
Epoch 16: Avg Loss=11.4943
Epoch 17: Avg Loss=11.3307
Epoch 18: Avg Loss=11.1895
Epoch 19: Avg Loss=11.0511
Epoch 20: Avg Loss=10.9328
Epoch 21: Avg Loss=10.7528
Epoch 22: Avg Loss=10.5956
Epoch 23: Avg Loss=10.4898
Epoch 24: Avg Loss=10.3436
Epoch 25: Avg Loss=10.2391
Epoch 26: Avg Loss=10.1548
Epoch 27: Avg Loss=10.0089
Epoch 28: Avg Loss=9.9409
Epoch 29: Avg Loss=9.7667
Epoch 30: Avg Loss=9.6495
Epoch 31: Avg Loss=9.5344
Epoch 32: Avg Loss=9.4345
Epoch 33: Avg Loss=9.3401
Epoch 34: Avg Loss=9.2789
Epoch 35: Avg Loss=9.1627
Epoch 36: Avg Loss=9.0145
Epoch 37: Avg Loss=8.8905
Epoch 38: Avg Loss=8.8574
Epoch 39: Avg Loss=8.7007
Epoch 40: Avg Loss=8.7176
Epoch 41: Avg Loss=8.6293
Epoch 42: Avg Loss=8.3860
Epoch 43: Avg Loss=8.3414
Epoch 44: Avg Loss=8.2458
Epoch 45: Avg Loss=8.1873
Epoch 46: Avg Loss=8.0032
Epoch 47: Avg Loss=7.8772
Epoch 48: Avg Loss=7.8445
Epoch 49: Avg Loss=7.9946
Epoch 50: Avg Loss=7.6072
Epoch 51: Avg Loss=7.6291
Epoch 52: Avg Loss=7.7718
Epoch 53: Avg Loss=7.3407
Epoch 54: Avg Loss=7.2106
Epoch 55: Avg Loss=7.2158
Epoch 56: Avg Loss=6.9254
Epoch 57: Avg Loss=7.1136
Epoch 58: Avg Loss=6.8974
Epoch 59: Avg Loss=6.8606
Epoch 60: Avg Loss=6.5316
Epoch 61: Avg Loss=6.6155
Epoch 62: Avg Loss=6.3777
Epoch 63: Avg Loss=6.3867
Epoch 64: Avg Loss=6.1983
Epoch 65: Avg Loss=6.0402
Epoch 66: Avg Loss=6.2559
Epoch 67: Avg Loss=5.7385
Epoch 68: Avg Loss=5.6820
Epoch 69: Avg Loss=5.8025
Epoch 70: Avg Loss=5.6134
Epoch 71: Avg Loss=5.6069
Epoch 72: Avg Loss=5.4512
Epoch 73: Avg Loss=5.4558
Epoch 74: Avg Loss=5.2821
Epoch 75: Avg Loss=5.3265
Epoch 76: Avg Loss=5.1999
Epoch 77: Avg Loss=4.9288
Epoch 78: Avg Loss=5.0435
Epoch 79: Avg Loss=4.9116
Epoch 80: Avg Loss=4.7624
Epoch 81: Avg Loss=4.8079
Epoch 82: Avg Loss=4.4682
Epoch 83: Avg Loss=4.6420
Epoch 84: Avg Loss=4.5576
Epoch 85: Avg Loss=4.4530
Epoch 86: Avg Loss=4.6855
Epoch 87: Avg Loss=4.3473
Epoch 88: Avg Loss=4.1316
Epoch 89: Avg Loss=4.3942
Epoch 90: Avg Loss=4.1890
Epoch 91: Avg Loss=4.2155
Epoch 92: Avg Loss=4.2348
Epoch 93: Avg Loss=4.2374
Epoch 94: Avg Loss=4.0006
Epoch 95: Avg Loss=3.9435
Epoch 96: Avg Loss=3.8551
Epoch 97: Avg Loss=3.9308
Epoch 98: Avg Loss=3.7863
Epoch 99: Avg Loss=3.8251
Epoch 100: Avg Loss=3.9557
Epoch 101: Avg Loss=3.7848
Epoch 102: Avg Loss=3.7595
Epoch 103: Avg Loss=3.5118
Epoch 104: Avg Loss=3.8057
Epoch 105: Avg Loss=3.7102
Epoch 106: Avg Loss=3.7459
Epoch 107: Avg Loss=3.4498
Epoch 108: Avg Loss=3.7154
Epoch 109: Avg Loss=3.5742
Epoch 110: Avg Loss=3.3461
Epoch 111: Avg Loss=3.5097
Epoch 112: Avg Loss=3.5569
Epoch 113: Avg Loss=3.4728
Epoch 114: Avg Loss=3.3120
Epoch 115: Avg Loss=3.3576
Epoch 116: Avg Loss=3.4961
Epoch 117: Avg Loss=3.3120
Epoch 118: Avg Loss=3.5120
Epoch 119: Avg Loss=3.2747
Epoch 120: Avg Loss=3.4150
Epoch 121: Avg Loss=3.5218
Epoch 122: Avg Loss=3.1746
Epoch 123: Avg Loss=3.4041
Epoch 124: Avg Loss=3.0841
Epoch 125: Avg Loss=3.1813
Epoch 126: Avg Loss=3.1986
Epoch 127: Avg Loss=3.2157
Epoch 128: Avg Loss=3.0958
Epoch 129: Avg Loss=3.0575
Epoch 130: Avg Loss=3.1230
Epoch 131: Avg Loss=3.3351
Epoch 132: Avg Loss=3.1324
Epoch 133: Avg Loss=3.1561
Epoch 134: Avg Loss=3.1402
Epoch 135: Avg Loss=2.9331
Epoch 136: Avg Loss=2.8772
Epoch 137: Avg Loss=2.7860
Epoch 138: Avg Loss=2.9037
Epoch 139: Avg Loss=2.8755
Epoch 140: Avg Loss=2.8714
Epoch 141: Avg Loss=2.9252
Epoch 142: Avg Loss=3.0352
Epoch 143: Avg Loss=3.1947
Epoch 144: Avg Loss=2.7445
Epoch 145: Avg Loss=2.5700
Epoch 146: Avg Loss=2.6478
Epoch 147: Avg Loss=2.8384
Epoch 148: Avg Loss=2.6481
Epoch 149: Avg Loss=2.5834
Epoch 150: Avg Loss=2.5610
Epoch 151: Avg Loss=2.7080
Epoch 152: Avg Loss=2.5180
Epoch 153: Avg Loss=2.5283
Epoch 154: Avg Loss=2.5778
Epoch 155: Avg Loss=2.4977
Epoch 156: Avg Loss=2.5613
Epoch 157: Avg Loss=2.5094
Epoch 158: Avg Loss=2.5740
Epoch 159: Avg Loss=2.4354
Epoch 160: Avg Loss=2.4440
Epoch 161: Avg Loss=2.4215
Epoch 162: Avg Loss=2.4280
Epoch 163: Avg Loss=2.4738
Epoch 164: Avg Loss=2.5965
Epoch 165: Avg Loss=2.4385
Epoch 166: Avg Loss=2.4166
Epoch 167: Avg Loss=2.3742
Epoch 168: Avg Loss=2.4520
Epoch 169: Avg Loss=2.4203
Epoch 170: Avg Loss=2.3968
Epoch 171: Avg Loss=2.4742
Epoch 172: Avg Loss=2.3531
Epoch 173: Avg Loss=2.4833
Epoch 174: Avg Loss=2.3452
Epoch 175: Avg Loss=2.3530
Epoch 176: Avg Loss=2.4307
Epoch 177: Avg Loss=2.3144
Epoch 178: Avg Loss=2.3623
Epoch 179: Avg Loss=2.3697
Epoch 180: Avg Loss=2.3522
Epoch 181: Avg Loss=2.4257
Epoch 182: Avg Loss=2.3262
Epoch 183: Avg Loss=2.2836
Epoch 184: Avg Loss=2.3285
Epoch 185: Avg Loss=2.2892
Epoch 186: Avg Loss=2.2860
Epoch 187: Avg Loss=2.3782
Epoch 188: Avg Loss=2.2339
Epoch 189: Avg Loss=2.4102
Epoch 190: Avg Loss=2.2036
Epoch 191: Avg Loss=2.2358
Epoch 192: Avg Loss=2.2992
Epoch 193: Avg Loss=2.2291
Epoch 194: Avg Loss=2.2107
Epoch 195: Avg Loss=2.2379
Epoch 196: Avg Loss=2.1444
Epoch 197: Avg Loss=2.1085
Epoch 198: Avg Loss=2.3247
Epoch 199: Avg Loss=2.1832
Epoch 200: Avg Loss=2.1033
Loss curve saved.
