no change     /root/miniconda3/condabin/conda
no change     /root/miniconda3/bin/conda
no change     /root/miniconda3/bin/conda-env
no change     /root/miniconda3/bin/activate
no change     /root/miniconda3/bin/deactivate
no change     /root/miniconda3/etc/profile.d/conda.sh
no change     /root/miniconda3/etc/fish/conf.d/conda.fish
no change     /root/miniconda3/shell/condabin/Conda.psm1
no change     /root/miniconda3/shell/condabin/conda-hook.ps1
no change     /root/miniconda3/lib/python3.10/site-packages/xontrib/conda.xsh
no change     /root/miniconda3/etc/profile.d/conda.csh
no change     /root/.bashrc
No action taken.

CommandNotFoundError: Your shell has not been properly configured to use 'conda activate'.
To initialize your shell, run

    $ conda init <SHELL_NAME>

Currently supported shells are:
  - bash
  - fish
  - tcsh
  - xonsh
  - zsh
  - powershell

See 'conda init --help' for more information and options.

IMPORTANT: You may need to close and restart your shell after running 'conda init'.


Using device: cuda
Epoch 1: Avg Loss=131.3464
Epoch 2: Avg Loss=50.3533
Epoch 3: Avg Loss=33.3641
Epoch 4: Avg Loss=32.5899
Epoch 5: Avg Loss=32.2824
Epoch 6: Avg Loss=31.7854
Epoch 7: Avg Loss=31.5132
Epoch 8: Avg Loss=31.0365
Epoch 9: Avg Loss=30.6985
Epoch 10: Avg Loss=30.4390
Epoch 11: Avg Loss=30.1314
Epoch 12: Avg Loss=29.8680
Epoch 13: Avg Loss=29.5199
Epoch 14: Avg Loss=29.2470
Epoch 15: Avg Loss=28.9611
Epoch 16: Avg Loss=28.6458
Epoch 17: Avg Loss=28.4180
Epoch 18: Avg Loss=28.1215
Epoch 19: Avg Loss=27.7432
Epoch 20: Avg Loss=27.5184
Epoch 21: Avg Loss=27.2523
Epoch 22: Avg Loss=26.9082
Epoch 23: Avg Loss=26.6779
Epoch 24: Avg Loss=26.4014
Epoch 25: Avg Loss=26.0402
Epoch 26: Avg Loss=25.9162
Epoch 27: Avg Loss=25.5413
Epoch 28: Avg Loss=25.1915
Epoch 29: Avg Loss=25.0361
Epoch 30: Avg Loss=24.7452
Epoch 31: Avg Loss=24.3787
Epoch 32: Avg Loss=23.8554
Epoch 33: Avg Loss=23.6711
Epoch 34: Avg Loss=23.1401
Epoch 35: Avg Loss=22.8493
Epoch 36: Avg Loss=22.6526
Epoch 37: Avg Loss=22.3103
Epoch 38: Avg Loss=21.9033
Epoch 39: Avg Loss=21.9038
Epoch 40: Avg Loss=21.0103
Epoch 41: Avg Loss=21.2680
Epoch 42: Avg Loss=20.2612
Epoch 43: Avg Loss=19.9253
Epoch 44: Avg Loss=19.8320
Epoch 45: Avg Loss=19.3518
Epoch 46: Avg Loss=18.9962
Epoch 47: Avg Loss=18.8571
Epoch 48: Avg Loss=18.3171
Epoch 49: Avg Loss=18.0504
Epoch 50: Avg Loss=18.0235
Epoch 51: Avg Loss=17.0783
Epoch 52: Avg Loss=17.3073
Epoch 53: Avg Loss=16.7595
Epoch 54: Avg Loss=16.1665
Epoch 55: Avg Loss=15.9180
Epoch 56: Avg Loss=15.7797
Epoch 57: Avg Loss=15.2344
Epoch 58: Avg Loss=14.8812
Epoch 59: Avg Loss=14.3202
Epoch 60: Avg Loss=14.0180
Epoch 61: Avg Loss=13.8344
Epoch 62: Avg Loss=13.2590
Epoch 63: Avg Loss=14.2458
Epoch 64: Avg Loss=13.1461
Epoch 65: Avg Loss=12.2311
Epoch 66: Avg Loss=12.4945
Epoch 67: Avg Loss=12.7812
Epoch 68: Avg Loss=12.8011
Epoch 69: Avg Loss=12.2561
Epoch 70: Avg Loss=11.7854
Epoch 71: Avg Loss=11.4114
Epoch 72: Avg Loss=11.0703
Epoch 73: Avg Loss=12.1558
Epoch 74: Avg Loss=11.7252
Epoch 75: Avg Loss=10.4242
Epoch 76: Avg Loss=11.1329
Epoch 77: Avg Loss=10.1719
Epoch 78: Avg Loss=10.0098
Epoch 79: Avg Loss=9.5964
Epoch 80: Avg Loss=9.6253
Epoch 81: Avg Loss=9.4684
Epoch 82: Avg Loss=9.3082
Epoch 83: Avg Loss=9.2816
Epoch 84: Avg Loss=8.7543
Epoch 85: Avg Loss=8.4254
Epoch 86: Avg Loss=8.4323
Epoch 87: Avg Loss=9.5959
Epoch 88: Avg Loss=8.2519
Epoch 89: Avg Loss=8.0719
Epoch 90: Avg Loss=7.7710
Epoch 91: Avg Loss=10.1613
Epoch 92: Avg Loss=7.6806
Epoch 93: Avg Loss=8.8928
Epoch 94: Avg Loss=7.9523
Epoch 95: Avg Loss=7.0042
Epoch 96: Avg Loss=7.7375
Epoch 97: Avg Loss=7.7312
Epoch 98: Avg Loss=7.4263
Epoch 99: Avg Loss=7.1225
Epoch 100: Avg Loss=7.4067
Epoch 101: Avg Loss=7.0021
Epoch 102: Avg Loss=6.9653
Epoch 103: Avg Loss=7.5701
Epoch 104: Avg Loss=6.5235
Epoch 105: Avg Loss=7.1212
Epoch 106: Avg Loss=6.2453
Epoch 107: Avg Loss=6.3255
Epoch 108: Avg Loss=7.5612
Epoch 109: Avg Loss=6.3091
Epoch 110: Avg Loss=6.3829
Epoch 111: Avg Loss=6.4222
Epoch 112: Avg Loss=6.0858
Epoch 113: Avg Loss=6.8256
Epoch 114: Avg Loss=5.9241
Epoch 115: Avg Loss=5.9547
Epoch 116: Avg Loss=7.8403
Epoch 117: Avg Loss=6.1241
Epoch 118: Avg Loss=5.8351
Epoch 119: Avg Loss=6.0599
Epoch 120: Avg Loss=5.6822
Epoch 121: Avg Loss=5.6249
Epoch 122: Avg Loss=6.0188
Epoch 123: Avg Loss=6.1194
Epoch 124: Avg Loss=5.3876
Epoch 125: Avg Loss=6.1895
Epoch 126: Avg Loss=5.1528
Epoch 127: Avg Loss=5.7925
Epoch 128: Avg Loss=5.4783
Epoch 129: Avg Loss=5.5660
Epoch 130: Avg Loss=5.4580
Epoch 131: Avg Loss=5.9465
Epoch 132: Avg Loss=5.2763
Epoch 133: Avg Loss=4.8039
Epoch 134: Avg Loss=4.8283
Epoch 135: Avg Loss=4.8055
Epoch 136: Avg Loss=4.8151
Epoch 137: Avg Loss=4.5753
Epoch 138: Avg Loss=4.8375
Epoch 139: Avg Loss=4.6920
Epoch 140: Avg Loss=4.7270
Epoch 141: Avg Loss=4.6135
Epoch 142: Avg Loss=4.6785
Epoch 143: Avg Loss=4.7320
Epoch 144: Avg Loss=4.4368
Epoch 145: Avg Loss=4.3548
Epoch 146: Avg Loss=4.3482
Epoch 147: Avg Loss=4.3568
Epoch 148: Avg Loss=4.3241
Epoch 149: Avg Loss=4.3111
Epoch 150: Avg Loss=4.2995
Epoch 151: Avg Loss=4.3093
Epoch 152: Avg Loss=4.1963
Epoch 153: Avg Loss=4.3418
Epoch 154: Avg Loss=4.2130
Epoch 155: Avg Loss=4.1960
Epoch 156: Avg Loss=4.1972
Epoch 157: Avg Loss=4.2706
Epoch 158: Avg Loss=4.2530
Epoch 159: Avg Loss=4.0713
Epoch 160: Avg Loss=4.0742
Epoch 161: Avg Loss=4.0498
Epoch 162: Avg Loss=4.0350
Epoch 163: Avg Loss=4.0633
Epoch 164: Avg Loss=4.0737
Epoch 165: Avg Loss=4.0285
Epoch 166: Avg Loss=4.0258
Epoch 167: Avg Loss=4.0193
Epoch 168: Avg Loss=3.9985
Epoch 169: Avg Loss=4.0125
Epoch 170: Avg Loss=4.0160
Epoch 171: Avg Loss=4.0192
Epoch 172: Avg Loss=4.0091
Epoch 173: Avg Loss=3.9805
Epoch 174: Avg Loss=4.0002
Epoch 175: Avg Loss=3.9688
Epoch 176: Avg Loss=3.9604
Epoch 177: Avg Loss=3.9721
Epoch 178: Avg Loss=3.9546
Epoch 179: Avg Loss=3.9654
Epoch 180: Avg Loss=3.9580
Epoch 181: Avg Loss=4.0017
Epoch 182: Avg Loss=3.9295
Epoch 183: Avg Loss=3.9875
Epoch 184: Avg Loss=3.9405
Epoch 185: Avg Loss=3.9297
Epoch 186: Avg Loss=3.9291
Epoch 187: Avg Loss=3.9377
Epoch 188: Avg Loss=3.8848
Epoch 189: Avg Loss=3.9029
Epoch 190: Avg Loss=3.8948
Epoch 191: Avg Loss=3.8772
Epoch 192: Avg Loss=3.8921
Epoch 193: Avg Loss=3.9138
Epoch 194: Avg Loss=3.8733
Epoch 195: Avg Loss=3.8641
Epoch 196: Avg Loss=3.8726
Epoch 197: Avg Loss=3.8392
Epoch 198: Avg Loss=3.8305
Epoch 199: Avg Loss=3.9241
Epoch 200: Avg Loss=3.8429
Loss curve saved.
Using device: cuda
Epoch 1: Avg Loss=182.2718
Epoch 2: Avg Loss=67.8544
Epoch 3: Avg Loss=35.7267
Epoch 4: Avg Loss=32.8501
Epoch 5: Avg Loss=32.2043
Epoch 6: Avg Loss=31.4535
Epoch 7: Avg Loss=31.1694
Epoch 8: Avg Loss=30.8438
Epoch 9: Avg Loss=30.5400
Epoch 10: Avg Loss=30.2226
Epoch 11: Avg Loss=29.9615
Epoch 12: Avg Loss=29.6650
Epoch 13: Avg Loss=29.4092
Epoch 14: Avg Loss=29.1329
Epoch 15: Avg Loss=28.8572
Epoch 16: Avg Loss=28.5225
Epoch 17: Avg Loss=28.2349
Epoch 18: Avg Loss=28.0298
Epoch 19: Avg Loss=27.6615
Epoch 20: Avg Loss=27.3398
Epoch 21: Avg Loss=27.0636
Epoch 22: Avg Loss=26.5508
Epoch 23: Avg Loss=26.1918
Epoch 24: Avg Loss=25.8987
Epoch 25: Avg Loss=25.5680
Epoch 26: Avg Loss=25.3349
Epoch 27: Avg Loss=24.9279
Epoch 28: Avg Loss=24.7826
Epoch 29: Avg Loss=24.4708
Epoch 30: Avg Loss=24.1582
Epoch 31: Avg Loss=23.8969
Epoch 32: Avg Loss=23.5858
Epoch 33: Avg Loss=23.3783
Epoch 34: Avg Loss=23.1123
Epoch 35: Avg Loss=22.8239
Epoch 36: Avg Loss=22.5073
Epoch 37: Avg Loss=22.4358
Epoch 38: Avg Loss=22.0319
Epoch 39: Avg Loss=21.7796
Epoch 40: Avg Loss=21.7668
Epoch 41: Avg Loss=21.4694
Epoch 42: Avg Loss=21.4925
Epoch 43: Avg Loss=21.3758
Epoch 44: Avg Loss=20.5934
Epoch 45: Avg Loss=20.4118
Epoch 46: Avg Loss=20.2631
Epoch 47: Avg Loss=20.2798
Epoch 48: Avg Loss=20.1605
Epoch 49: Avg Loss=20.0608
Epoch 50: Avg Loss=19.7705
Epoch 51: Avg Loss=19.7222
Epoch 52: Avg Loss=19.0768
Epoch 53: Avg Loss=19.7111
Epoch 54: Avg Loss=20.4766
Epoch 55: Avg Loss=19.4322
Epoch 56: Avg Loss=18.7037
Epoch 57: Avg Loss=18.1732
Epoch 58: Avg Loss=18.0539
Epoch 59: Avg Loss=18.4918
Epoch 60: Avg Loss=18.3280
Epoch 61: Avg Loss=17.9102
Epoch 62: Avg Loss=17.3475
Epoch 63: Avg Loss=17.2829
Epoch 64: Avg Loss=16.8715
Epoch 65: Avg Loss=16.9776
Epoch 66: Avg Loss=16.2968
Epoch 67: Avg Loss=16.0308
Epoch 68: Avg Loss=16.3183
Epoch 69: Avg Loss=15.7108
Epoch 70: Avg Loss=15.5279
Epoch 71: Avg Loss=14.7648
Epoch 72: Avg Loss=14.5357
Epoch 73: Avg Loss=14.8323
Epoch 74: Avg Loss=14.7765
Epoch 75: Avg Loss=14.0174
Epoch 76: Avg Loss=13.8195
Epoch 77: Avg Loss=13.2358
Epoch 78: Avg Loss=13.6079
Epoch 79: Avg Loss=12.9880
Epoch 80: Avg Loss=12.8783
Epoch 81: Avg Loss=13.6857
Epoch 82: Avg Loss=12.3794
Epoch 83: Avg Loss=12.1586
Epoch 84: Avg Loss=11.7189
Epoch 85: Avg Loss=12.1386
Epoch 86: Avg Loss=11.2048
Epoch 87: Avg Loss=11.5128
Epoch 88: Avg Loss=11.2570
Epoch 89: Avg Loss=11.4129
Epoch 90: Avg Loss=10.7460
Epoch 91: Avg Loss=10.4760
Epoch 92: Avg Loss=10.0325
Epoch 93: Avg Loss=10.2686
Epoch 94: Avg Loss=10.5352
Epoch 95: Avg Loss=9.4072
Epoch 96: Avg Loss=9.5928
Epoch 97: Avg Loss=9.1659
Epoch 98: Avg Loss=9.3576
Epoch 99: Avg Loss=9.3963
Epoch 100: Avg Loss=8.6075
Epoch 101: Avg Loss=8.8403
Epoch 102: Avg Loss=8.3763
Epoch 103: Avg Loss=8.4646
Epoch 104: Avg Loss=8.2143
Epoch 105: Avg Loss=8.2580
Epoch 106: Avg Loss=7.9134
Epoch 107: Avg Loss=7.3625
Epoch 108: Avg Loss=7.9833
Epoch 109: Avg Loss=7.6683
Epoch 110: Avg Loss=8.2340
Epoch 111: Avg Loss=7.9518
Epoch 112: Avg Loss=7.4513
Epoch 113: Avg Loss=7.4593
Epoch 114: Avg Loss=6.3258
Epoch 115: Avg Loss=6.2502
Epoch 116: Avg Loss=6.3099
Epoch 117: Avg Loss=6.2312
Epoch 118: Avg Loss=6.0666
Epoch 119: Avg Loss=6.0731
Epoch 120: Avg Loss=5.9381
Epoch 121: Avg Loss=6.0883
Epoch 122: Avg Loss=6.0004
Epoch 123: Avg Loss=5.9708
Epoch 124: Avg Loss=5.9558
Epoch 125: Avg Loss=5.7121
Epoch 126: Avg Loss=5.7097
Epoch 127: Avg Loss=5.6634
Epoch 128: Avg Loss=5.5603
Epoch 129: Avg Loss=5.6362
Epoch 130: Avg Loss=5.5983
Epoch 131: Avg Loss=5.5540
Epoch 132: Avg Loss=5.4514
Epoch 133: Avg Loss=5.2837
Epoch 134: Avg Loss=5.5498
Epoch 135: Avg Loss=5.5197
Epoch 136: Avg Loss=5.2335
Epoch 137: Avg Loss=5.2091
Epoch 138: Avg Loss=5.1281
Epoch 139: Avg Loss=5.3448
Epoch 140: Avg Loss=5.1520
Epoch 141: Avg Loss=5.0117
Epoch 142: Avg Loss=5.0576
Epoch 143: Avg Loss=5.1352
Epoch 144: Avg Loss=5.0578
Epoch 145: Avg Loss=4.9628
Epoch 146: Avg Loss=4.9242
Epoch 147: Avg Loss=5.0607
Epoch 148: Avg Loss=4.9763
Epoch 149: Avg Loss=5.0464
Epoch 150: Avg Loss=4.8968
Epoch 151: Avg Loss=4.9028
Epoch 152: Avg Loss=4.6798
Epoch 153: Avg Loss=4.6934
Epoch 154: Avg Loss=4.6960
Epoch 155: Avg Loss=4.7232
Epoch 156: Avg Loss=4.8078
Epoch 157: Avg Loss=4.5994
Epoch 158: Avg Loss=4.7556
Epoch 159: Avg Loss=4.7905
Epoch 160: Avg Loss=4.4228
Epoch 161: Avg Loss=4.4875
Epoch 162: Avg Loss=4.4656
Epoch 163: Avg Loss=4.5096
Epoch 164: Avg Loss=4.4462
Epoch 165: Avg Loss=4.6230
Epoch 166: Avg Loss=4.4470
Epoch 167: Avg Loss=4.1826
Epoch 168: Avg Loss=4.1081
Epoch 169: Avg Loss=4.2293
Epoch 170: Avg Loss=4.1295
Epoch 171: Avg Loss=4.0853
Epoch 172: Avg Loss=4.1546
Epoch 173: Avg Loss=4.0736
Epoch 174: Avg Loss=4.1220
Epoch 175: Avg Loss=4.1565
Epoch 176: Avg Loss=4.0210
Epoch 177: Avg Loss=4.0131
Epoch 178: Avg Loss=4.0517
Epoch 179: Avg Loss=4.0171
Epoch 180: Avg Loss=4.1026
Epoch 181: Avg Loss=4.0014
Epoch 182: Avg Loss=4.0037
Epoch 183: Avg Loss=3.9503
Epoch 184: Avg Loss=4.0079
Epoch 185: Avg Loss=3.9726
Epoch 186: Avg Loss=3.9807
Epoch 187: Avg Loss=4.0285
Epoch 188: Avg Loss=3.8880
Epoch 189: Avg Loss=3.9198
Epoch 190: Avg Loss=3.9588
Epoch 191: Avg Loss=3.8988
Epoch 192: Avg Loss=3.9621
Epoch 193: Avg Loss=3.9474
Epoch 194: Avg Loss=3.8483
Epoch 195: Avg Loss=3.9003
Epoch 196: Avg Loss=3.9018
Epoch 197: Avg Loss=3.8274
Epoch 198: Avg Loss=3.8983
Epoch 199: Avg Loss=3.7999
Epoch 200: Avg Loss=3.8063
Loss curve saved.
