
CommandNotFoundError: Your shell has not been properly configured to use 'conda activate'.
To initialize your shell, run

    $ conda init <SHELL_NAME>

Currently supported shells are:
  - bash
  - fish
  - tcsh
  - xonsh
  - zsh
  - powershell

See 'conda init --help' for more information and options.

IMPORTANT: You may need to close and restart your shell after running 'conda init'.


Using device: cuda
Traceback (most recent call last):
  File "/root/autodl-tmp/flood/floodPrediction/./t36_300_24.py", line 351, in <module>
    main()
  File "/root/autodl-tmp/flood/floodPrediction/./t36_300_24.py", line 307, in main
    loss.backward()
  File "/root/miniconda3/lib/python3.10/site-packages/torch/_tensor.py", line 626, in backward
    torch.autograd.backward(
  File "/root/miniconda3/lib/python3.10/site-packages/torch/autograd/__init__.py", line 347, in backward
    _engine_run_backward(
  File "/root/miniconda3/lib/python3.10/site-packages/torch/autograd/graph.py", line 823, in _engine_run_backward
    return Variable._execution_engine.run_backward(  # Calls into the C++ engine to run the backward pass
KeyboardInterrupt

CommandNotFoundError: Your shell has not been properly configured to use 'conda activate'.
To initialize your shell, run

    $ conda init <SHELL_NAME>

Currently supported shells are:
  - bash
  - fish
  - tcsh
  - xonsh
  - zsh
  - powershell

See 'conda init --help' for more information and options.

IMPORTANT: You may need to close and restart your shell after running 'conda init'.


Using device: cuda
Epoch 1: Avg Loss=118.1909
the num of nan:1
Epoch 2: Avg Loss=96.0898
the num of nan:1
Epoch 3: Avg Loss=84.4172
the num of nan:1
Epoch 4: Avg Loss=73.4767
the num of nan:1
Epoch 5: Avg Loss=63.8001
the num of nan:1
Epoch 6: Avg Loss=56.5878
the num of nan:1
Epoch 7: Avg Loss=51.8733
the num of nan:1
Epoch 8: Avg Loss=47.8670
the num of nan:1
Epoch 9: Avg Loss=43.8316
the num of nan:1
Epoch 10: Avg Loss=39.2062
the num of nan:1
Epoch 11: Avg Loss=35.1457
the num of nan:1
Epoch 12: Avg Loss=31.9215
the num of nan:1
Epoch 13: Avg Loss=30.3811
the num of nan:1
Epoch 14: Avg Loss=26.6014
the num of nan:1
Epoch 15: Avg Loss=25.4842
the num of nan:1
Epoch 16: Avg Loss=23.7990
the num of nan:1
Epoch 17: Avg Loss=23.5261
the num of nan:1
Epoch 18: Avg Loss=22.4871
the num of nan:1
Epoch 19: Avg Loss=21.2886
the num of nan:1
Epoch 20: Avg Loss=23.3872
the num of nan:1
Epoch 21: Avg Loss=20.3597
the num of nan:1
Epoch 22: Avg Loss=20.8649
the num of nan:1
Epoch 23: Avg Loss=19.1639
the num of nan:1
Epoch 24: Avg Loss=18.4037
the num of nan:1
Epoch 25: Avg Loss=17.2714
the num of nan:1
Epoch 26: Avg Loss=16.8855
the num of nan:1
Epoch 27: Avg Loss=17.7454
the num of nan:1
Epoch 28: Avg Loss=16.4050
the num of nan:1
Epoch 29: Avg Loss=16.1731
the num of nan:1
Epoch 30: Avg Loss=16.2387
the num of nan:1
Epoch 31: Avg Loss=15.5640
the num of nan:1
Epoch 32: Avg Loss=15.5110
the num of nan:1
Epoch 33: Avg Loss=15.4030
the num of nan:1
Epoch 34: Avg Loss=14.8330
the num of nan:1
Epoch 35: Avg Loss=15.7767
the num of nan:1
Epoch 36: Avg Loss=14.2267
the num of nan:1
Epoch 37: Avg Loss=14.6482
the num of nan:1
Epoch 38: Avg Loss=14.2988
the num of nan:1
Epoch 39: Avg Loss=13.2079
the num of nan:1
Epoch 40: Avg Loss=12.7368
the num of nan:1
Epoch 41: Avg Loss=13.0186
the num of nan:1
Epoch 42: Avg Loss=13.7482
the num of nan:1
Epoch 43: Avg Loss=12.8064
the num of nan:1
Epoch 44: Avg Loss=12.4074
the num of nan:1
Epoch 45: Avg Loss=12.5569
the num of nan:1
Epoch 46: Avg Loss=13.0813
the num of nan:1
Epoch 47: Avg Loss=18.0823
the num of nan:1
Epoch 48: Avg Loss=13.5917
the num of nan:1
Epoch 49: Avg Loss=13.0632
the num of nan:1
Epoch 50: Avg Loss=13.1055
the num of nan:1
Epoch 51: Avg Loss=11.6751
the num of nan:1
Epoch 52: Avg Loss=11.2675
the num of nan:1
Epoch 53: Avg Loss=10.9220
the num of nan:1
Epoch 54: Avg Loss=11.1387
the num of nan:1
Epoch 55: Avg Loss=11.1089
the num of nan:1
Epoch 56: Avg Loss=10.5932
the num of nan:1
Epoch 57: Avg Loss=10.6856
the num of nan:1
Epoch 58: Avg Loss=10.7096
the num of nan:1
Epoch 59: Avg Loss=10.5483
the num of nan:1
Epoch 60: Avg Loss=11.7717
the num of nan:1
Epoch 61: Avg Loss=10.9434
the num of nan:1
Epoch 62: Avg Loss=10.2448
the num of nan:1
Epoch 63: Avg Loss=10.3277
the num of nan:1
Epoch 64: Avg Loss=10.2617
the num of nan:1
Epoch 65: Avg Loss=10.3799
the num of nan:1
Epoch 66: Avg Loss=10.1905
the num of nan:1
Epoch 67: Avg Loss=10.4363
the num of nan:1
Epoch 68: Avg Loss=10.1838
the num of nan:1
Epoch 69: Avg Loss=10.4083
the num of nan:1
Epoch 70: Avg Loss=10.4108
the num of nan:1
Epoch 71: Avg Loss=10.3240
the num of nan:1
Epoch 72: Avg Loss=10.2973
the num of nan:1
Epoch 73: Avg Loss=9.9015
the num of nan:1
Epoch 74: Avg Loss=9.9910
the num of nan:1
Epoch 75: Avg Loss=10.1875
the num of nan:1
Epoch 76: Avg Loss=10.0734
the num of nan:1
Epoch 77: Avg Loss=10.0235
the num of nan:1
Epoch 78: Avg Loss=9.7321
the num of nan:1
Epoch 79: Avg Loss=9.6733
the num of nan:1
Epoch 80: Avg Loss=9.9294
the num of nan:1
Epoch 81: Avg Loss=9.7546
the num of nan:1
Epoch 82: Avg Loss=9.7457
the num of nan:1
Epoch 83: Avg Loss=9.6563
the num of nan:1
Epoch 84: Avg Loss=9.6016
the num of nan:1
Epoch 85: Avg Loss=9.7398
the num of nan:1
Epoch 86: Avg Loss=9.5142
the num of nan:1
Epoch 87: Avg Loss=9.5211
the num of nan:1
Epoch 88: Avg Loss=9.8304
the num of nan:1
Epoch 89: Avg Loss=9.5580
the num of nan:1
Epoch 90: Avg Loss=9.7451
the num of nan:1
Epoch 91: Avg Loss=10.1355
the num of nan:1
Epoch 92: Avg Loss=9.5714
the num of nan:1
Epoch 93: Avg Loss=9.3049
the num of nan:1
Epoch 94: Avg Loss=9.2192
the num of nan:1
Epoch 95: Avg Loss=9.3132
the num of nan:1
Epoch 96: Avg Loss=9.0371
the num of nan:1
Epoch 97: Avg Loss=8.9404
the num of nan:1
Epoch 98: Avg Loss=8.8576
the num of nan:1
Epoch 99: Avg Loss=8.8591
the num of nan:1
Epoch 100: Avg Loss=8.7852
the num of nan:1
Epoch 101: Avg Loss=8.7819
the num of nan:1
Epoch 102: Avg Loss=8.9112
the num of nan:1
Epoch 103: Avg Loss=8.9327
the num of nan:1
Epoch 104: Avg Loss=8.7686
the num of nan:1
Epoch 105: Avg Loss=8.7550
the num of nan:1
Epoch 106: Avg Loss=8.7512
the num of nan:1
Epoch 107: Avg Loss=8.7042
the num of nan:1
Epoch 108: Avg Loss=8.6540
the num of nan:1
Epoch 109: Avg Loss=8.6804
the num of nan:1
Epoch 110: Avg Loss=8.5292
the num of nan:1
Epoch 111: Avg Loss=8.5787
the num of nan:1
Epoch 112: Avg Loss=8.5039
the num of nan:1
Epoch 113: Avg Loss=8.5587
the num of nan:1
Epoch 114: Avg Loss=8.5809
the num of nan:1
Epoch 115: Avg Loss=8.5525
the num of nan:1
Epoch 116: Avg Loss=8.5261
the num of nan:1
Epoch 117: Avg Loss=8.4839
the num of nan:1
Epoch 118: Avg Loss=8.3282
the num of nan:1
Epoch 119: Avg Loss=8.4015
the num of nan:1
Epoch 120: Avg Loss=8.4032
the num of nan:1
Epoch 121: Avg Loss=8.4838
the num of nan:1
Epoch 122: Avg Loss=8.2799
the num of nan:1
Epoch 123: Avg Loss=8.4697
the num of nan:1
Epoch 124: Avg Loss=8.3138
the num of nan:1
Epoch 125: Avg Loss=8.1038
the num of nan:1
Epoch 126: Avg Loss=8.1323
the num of nan:1
Epoch 127: Avg Loss=8.1266
the num of nan:1
Epoch 128: Avg Loss=8.2166
the num of nan:1
Epoch 129: Avg Loss=8.1667
the num of nan:1
Epoch 130: Avg Loss=8.2780
the num of nan:1
Epoch 131: Avg Loss=8.0680
the num of nan:1
Epoch 132: Avg Loss=8.0697
the num of nan:1
Epoch 133: Avg Loss=8.1718
the num of nan:1
Epoch 134: Avg Loss=8.0273
the num of nan:1
Epoch 135: Avg Loss=8.3069
the num of nan:1
Epoch 136: Avg Loss=8.1719
the num of nan:1
Epoch 137: Avg Loss=8.2035
the num of nan:1
Epoch 138: Avg Loss=7.9844
the num of nan:1
Epoch 139: Avg Loss=8.1168
the num of nan:1
Epoch 140: Avg Loss=8.0051
the num of nan:1
Epoch 141: Avg Loss=8.0525
the num of nan:1
Epoch 142: Avg Loss=8.0330
the num of nan:1
Epoch 143: Avg Loss=7.9737
the num of nan:1
Epoch 144: Avg Loss=7.8964
the num of nan:1
Epoch 145: Avg Loss=7.9326
the num of nan:1
Epoch 146: Avg Loss=7.6854
the num of nan:1
Epoch 147: Avg Loss=7.8810
the num of nan:1
Epoch 148: Avg Loss=8.0224
the num of nan:1
Epoch 149: Avg Loss=7.7937
the num of nan:1
Epoch 150: Avg Loss=7.7981
the num of nan:1
Epoch 151: Avg Loss=7.7821
the num of nan:1
Epoch 152: Avg Loss=7.6970
the num of nan:1
Epoch 153: Avg Loss=7.5989
the num of nan:1
Epoch 154: Avg Loss=7.4407
the num of nan:1
Epoch 155: Avg Loss=7.4895
the num of nan:1
Epoch 156: Avg Loss=7.2847
the num of nan:1
Epoch 157: Avg Loss=7.3577
the num of nan:1
Epoch 158: Avg Loss=7.3251
the num of nan:1
Epoch 159: Avg Loss=7.3446
the num of nan:1
Epoch 160: Avg Loss=7.3669
the num of nan:1
Epoch 161: Avg Loss=7.3878
the num of nan:1
Epoch 162: Avg Loss=7.3957
the num of nan:1
Epoch 163: Avg Loss=7.2642
the num of nan:1
Epoch 164: Avg Loss=7.2166
the num of nan:1
Epoch 165: Avg Loss=7.2584
the num of nan:1
Epoch 166: Avg Loss=7.1639
the num of nan:1
Epoch 167: Avg Loss=7.1442
the num of nan:1
Epoch 168: Avg Loss=7.1187
the num of nan:1
Epoch 169: Avg Loss=7.1618
the num of nan:1
Epoch 170: Avg Loss=7.1748
the num of nan:1
Epoch 171: Avg Loss=7.1442
the num of nan:1
Epoch 172: Avg Loss=7.0793
the num of nan:1
Epoch 173: Avg Loss=7.0570
the num of nan:1
Epoch 174: Avg Loss=7.0646
the num of nan:1
Epoch 175: Avg Loss=7.0554
the num of nan:1
Epoch 176: Avg Loss=7.0376
the num of nan:1
Epoch 177: Avg Loss=7.0569
the num of nan:1
Epoch 178: Avg Loss=6.9946
the num of nan:1
Epoch 179: Avg Loss=7.0166
the num of nan:1
Epoch 180: Avg Loss=7.0117
the num of nan:1
Epoch 181: Avg Loss=6.9798
the num of nan:1
Epoch 182: Avg Loss=6.9805
the num of nan:1
Epoch 183: Avg Loss=6.9467
the num of nan:1
Epoch 184: Avg Loss=7.0272
the num of nan:1
Epoch 185: Avg Loss=7.0836
the num of nan:1
Epoch 186: Avg Loss=7.0694
the num of nan:1
Epoch 187: Avg Loss=6.9252
the num of nan:1
Epoch 188: Avg Loss=6.9483
the num of nan:1
Epoch 189: Avg Loss=6.9032
the num of nan:1
Epoch 190: Avg Loss=6.9328
the num of nan:1
Epoch 191: Avg Loss=6.9067
the num of nan:1
Epoch 192: Avg Loss=6.8835
the num of nan:1
Epoch 193: Avg Loss=6.8508
the num of nan:1
Epoch 194: Avg Loss=6.8334
the num of nan:1
Epoch 195: Avg Loss=6.8135
the num of nan:1
Epoch 196: Avg Loss=6.8204
the num of nan:1
Epoch 197: Avg Loss=6.8045
the num of nan:1
Epoch 198: Avg Loss=6.8137
the num of nan:1
Epoch 199: Avg Loss=6.8689
the num of nan:1
Epoch 200: Avg Loss=6.7688
the num of nan:1
Loss curve saved.
